c:\users\user\documents\github\shooting\towerdefense\x64\debug\vc142.pdb
c:\users\user\documents\github\shooting\towerdefense\x64\debug\vc142.idb
c:\users\user\documents\github\shooting\towerdefense\x64\debug\itype.obj
c:\users\user\documents\github\shooting\towerdefense\x64\debug\istring.obj
c:\users\user\documents\github\shooting\towerdefense\x64\debug\istd.obj
c:\users\user\documents\github\shooting\towerdefense\x64\debug\isort.obj
c:\users\user\documents\github\shooting\towerdefense\x64\debug\isize.obj
c:\users\user\documents\github\shooting\towerdefense\x64\debug\irect.obj
c:\users\user\documents\github\shooting\towerdefense\x64\debug\ipopup.obj
c:\users\user\documents\github\shooting\towerdefense\x64\debug\ipoint.obj
c:\users\user\documents\github\shooting\towerdefense\x64\debug\iopengl.obj
c:\users\user\documents\github\shooting\towerdefense\x64\debug\iimage.obj
c:\users\user\documents\github\shooting\towerdefense\x64\debug\igraphics.obj
c:\users\user\documents\github\shooting\towerdefense\x64\debug\ifps.obj
c:\users\user\documents\github\shooting\towerdefense\x64\debug\iarray.obj
c:\users\user\documents\github\shooting\towerdefense\x64\debug\procobject.obj
c:\users\user\documents\github\shooting\towerdefense\x64\debug\proc.obj
c:\users\user\documents\github\shooting\towerdefense\x64\debug\menu.obj
c:\users\user\documents\github\shooting\towerdefense\x64\debug\loading.obj
c:\users\user\documents\github\shooting\towerdefense\x64\debug\intro.obj
c:\users\user\documents\github\shooting\towerdefense\x64\debug\game.obj
c:\users\user\documents\github\shooting\towerdefense\x64\debug\app.obj
c:\users\user\documents\github\shooting\towerdefense\x64\debug\glew.obj
c:\users\user\documents\github\shooting\x64\debug\towerdefense.exe
c:\users\user\documents\github\shooting\x64\debug\towerdefense.ilk
c:\users\user\documents\github\shooting\x64\debug\towerdefense.pdb
c:\users\user\documents\github\shooting\towerdefense\x64\debug\towerdefense.res
c:\users\user\documents\github\shooting\towerdefense\x64\debug\towerdefense.obj
c:\users\user\documents\github\shooting\towerdefense\x64\debug\towerdefense.tlog\cl.command.1.tlog
c:\users\user\documents\github\shooting\towerdefense\x64\debug\towerdefense.tlog\cl.read.1.tlog
c:\users\user\documents\github\shooting\towerdefense\x64\debug\towerdefense.tlog\cl.write.1.tlog
c:\users\user\documents\github\shooting\towerdefense\x64\debug\towerdefense.tlog\link.command.1.tlog
c:\users\user\documents\github\shooting\towerdefense\x64\debug\towerdefense.tlog\link.read.1.tlog
c:\users\user\documents\github\shooting\towerdefense\x64\debug\towerdefense.tlog\link.write.1.tlog
c:\users\user\documents\github\shooting\towerdefense\x64\debug\towerdefense.tlog\rc.command.1.tlog
c:\users\user\documents\github\shooting\towerdefense\x64\debug\towerdefense.tlog\rc.read.1.tlog
c:\users\user\documents\github\shooting\towerdefense\x64\debug\towerdefense.tlog\rc.write.1.tlog
