c:\workspace\bga\shooting\debug\vc142.pdb
c:\workspace\bga\shooting\debug\vc142.idb
c:\workspace\bga\shooting\debug\istd.obj
c:\workspace\bga\shooting\debug\isort.obj
c:\workspace\bga\shooting\debug\isize.obj
c:\workspace\bga\shooting\debug\irect.obj
c:\workspace\bga\shooting\debug\ipoint.obj
c:\workspace\bga\shooting\debug\procobject.obj
c:\workspace\bga\shooting\debug\proc.obj
c:\workspace\bga\shooting\debug\menu.obj
c:\workspace\bga\shooting\debug\loading.obj
c:\workspace\bga\shooting\debug\intro.obj
c:\workspace\bga\shooting\debug\game.obj
c:\workspace\bga\shooting\debug\app.obj
c:\workspace\bga\shooting\debug\ifps.obj
c:\workspace\bga\debug\shooting.exe
c:\workspace\bga\debug\shooting.ilk
c:\workspace\bga\debug\shooting.pdb
c:\workspace\bga\shooting\debug\shooting.res
c:\workspace\bga\shooting\debug\shooting.tlog\cl.command.1.tlog
c:\workspace\bga\shooting\debug\shooting.tlog\cl.read.1.tlog
c:\workspace\bga\shooting\debug\shooting.tlog\cl.write.1.tlog
c:\workspace\bga\shooting\debug\shooting.tlog\link.command.1.tlog
c:\workspace\bga\shooting\debug\shooting.tlog\link.read.1.tlog
c:\workspace\bga\shooting\debug\shooting.tlog\link.write.1.tlog
c:\workspace\bga\shooting\debug\shooting.tlog\rc.command.1.tlog
c:\workspace\bga\shooting\debug\shooting.tlog\rc.read.1.tlog
c:\workspace\bga\shooting\debug\shooting.tlog\rc.write.1.tlog
