c:\users\user\documents\github\busangameacademy\20.03.16-2\shooting\x64\debug\vc142.pdb
c:\users\user\documents\github\busangameacademy\20.03.17\shooting\x64\debug\vc142.pdb
c:\users\user\documents\github\busangameacademy\20.03.17\shooting\x64\debug\vc142.idb
c:\users\user\documents\github\busangameacademy\20.03.17\shooting\x64\debug\istd.obj
c:\users\user\documents\github\busangameacademy\20.03.17\shooting\x64\debug\isort.obj
c:\users\user\documents\github\busangameacademy\20.03.17\shooting\x64\debug\isize.obj
c:\users\user\documents\github\busangameacademy\20.03.17\shooting\x64\debug\irect.obj
c:\users\user\documents\github\busangameacademy\20.03.17\shooting\x64\debug\ipoint.obj
c:\users\user\documents\github\busangameacademy\20.03.17\shooting\x64\debug\ifps.obj
c:\users\user\documents\github\busangameacademy\20.03.17\shooting\x64\debug\procobject.obj
c:\users\user\documents\github\busangameacademy\20.03.17\shooting\x64\debug\proc.obj
c:\users\user\documents\github\busangameacademy\20.03.17\shooting\x64\debug\menu.obj
c:\users\user\documents\github\busangameacademy\20.03.17\shooting\x64\debug\loading.obj
c:\users\user\documents\github\busangameacademy\20.03.17\shooting\x64\debug\intro.obj
c:\users\user\documents\github\busangameacademy\20.03.17\shooting\x64\debug\game.obj
c:\users\user\documents\github\busangameacademy\20.03.17\shooting\x64\debug\app.obj
c:\users\user\documents\github\busangameacademy\20.03.17\shooting\x64\debug\istring.obj
c:\users\user\documents\github\busangameacademy\20.03.18\shooting\x64\debug\vc142.pdb
c:\users\user\documents\github\busangameacademy\20.03.18\shooting\x64\debug\vc142.idb
c:\users\user\documents\github\busangameacademy\20.03.18\shooting\x64\debug\istring.obj
c:\users\user\documents\github\busangameacademy\20.03.18\shooting\x64\debug\istd.obj
c:\users\user\documents\github\busangameacademy\20.03.18\shooting\x64\debug\isort.obj
c:\users\user\documents\github\busangameacademy\20.03.18\shooting\x64\debug\isize.obj
c:\users\user\documents\github\busangameacademy\20.03.18\shooting\x64\debug\irect.obj
c:\users\user\documents\github\busangameacademy\20.03.18\shooting\x64\debug\ipoint.obj
c:\users\user\documents\github\busangameacademy\20.03.18\shooting\x64\debug\ifps.obj
c:\users\user\documents\github\busangameacademy\20.03.18\shooting\x64\debug\procobject.obj
c:\users\user\documents\github\busangameacademy\20.03.18\shooting\x64\debug\proc.obj
c:\users\user\documents\github\busangameacademy\20.03.18\shooting\x64\debug\menu.obj
c:\users\user\documents\github\busangameacademy\20.03.18\shooting\x64\debug\loading.obj
c:\users\user\documents\github\busangameacademy\20.03.18\shooting\x64\debug\intro.obj
c:\users\user\documents\github\busangameacademy\20.03.18\shooting\x64\debug\game.obj
c:\users\user\documents\github\busangameacademy\20.03.18\shooting\x64\debug\app.obj
c:\users\user\documents\github\busangameacademy\20.03.18\shooting\x64\debug\igraphics.obj
c:\users\user\documents\github\busangameacademy\20.03.18\shooting\x64\debug\iarray.obj
c:\users\user\documents\github\busangameacademy\20.03.18\shooting\x64\debug\iimage.obj
c:\users\user\documents\github\busangameacademy\20.03.19\shooting\x64\debug\vc142.pdb
c:\users\user\documents\github\busangameacademy\20.03.19\shooting\x64\debug\vc142.idb
c:\users\user\documents\github\busangameacademy\20.03.19\shooting\x64\debug\istring.obj
c:\users\user\documents\github\busangameacademy\20.03.19\shooting\x64\debug\istd.obj
c:\users\user\documents\github\busangameacademy\20.03.19\shooting\x64\debug\isort.obj
c:\users\user\documents\github\busangameacademy\20.03.19\shooting\x64\debug\isize.obj
c:\users\user\documents\github\busangameacademy\20.03.19\shooting\x64\debug\irect.obj
c:\users\user\documents\github\busangameacademy\20.03.19\shooting\x64\debug\ipoint.obj
c:\users\user\documents\github\busangameacademy\20.03.19\shooting\x64\debug\iimage.obj
c:\users\user\documents\github\busangameacademy\20.03.19\shooting\x64\debug\igraphics.obj
c:\users\user\documents\github\busangameacademy\20.03.19\shooting\x64\debug\ifps.obj
c:\users\user\documents\github\busangameacademy\20.03.19\shooting\x64\debug\iarray.obj
c:\users\user\documents\github\busangameacademy\20.03.19\shooting\x64\debug\procobject.obj
c:\users\user\documents\github\busangameacademy\20.03.19\shooting\x64\debug\proc.obj
c:\users\user\documents\github\busangameacademy\20.03.19\shooting\x64\debug\menu.obj
c:\users\user\documents\github\busangameacademy\20.03.19\shooting\x64\debug\loading.obj
c:\users\user\documents\github\busangameacademy\20.03.19\shooting\x64\debug\intro.obj
c:\users\user\documents\github\busangameacademy\20.03.19\shooting\x64\debug\game.obj
c:\users\user\documents\github\busangameacademy\20.03.19\shooting\x64\debug\app.obj
c:\users\user\documents\github\busangameacademy\20.03.20\shooting\x64\debug\vc142.pdb
c:\users\user\documents\github\busangameacademy\20.03.20\shooting\x64\debug\vc142.idb
c:\users\user\documents\github\busangameacademy\20.03.20\shooting\x64\debug\istring.obj
c:\users\user\documents\github\busangameacademy\20.03.20\shooting\x64\debug\istd.obj
c:\users\user\documents\github\busangameacademy\20.03.20\shooting\x64\debug\isort.obj
c:\users\user\documents\github\busangameacademy\20.03.20\shooting\x64\debug\isize.obj
c:\users\user\documents\github\busangameacademy\20.03.20\shooting\x64\debug\irect.obj
c:\users\user\documents\github\busangameacademy\20.03.20\shooting\x64\debug\ipoint.obj
c:\users\user\documents\github\busangameacademy\20.03.20\shooting\x64\debug\iimage.obj
c:\users\user\documents\github\busangameacademy\20.03.20\shooting\x64\debug\igraphics.obj
c:\users\user\documents\github\busangameacademy\20.03.20\shooting\x64\debug\ifps.obj
c:\users\user\documents\github\busangameacademy\20.03.20\shooting\x64\debug\iarray.obj
c:\users\user\documents\github\busangameacademy\20.03.20\shooting\x64\debug\procobject.obj
c:\users\user\documents\github\busangameacademy\20.03.20\shooting\x64\debug\proc.obj
c:\users\user\documents\github\busangameacademy\20.03.20\shooting\x64\debug\loading.obj
c:\users\user\documents\github\busangameacademy\20.03.20\shooting\x64\debug\intro.obj
c:\users\user\documents\github\busangameacademy\20.03.20\shooting\x64\debug\game.obj
c:\users\user\documents\github\busangameacademy\20.03.20\shooting\x64\debug\app.obj
c:\users\user\documents\github\busangameacademy\20.03.20\shooting\x64\debug\menu.obj
c:\users\user\documents\github\busangameacademy\20.03.23\shooting\x64\debug\vc142.pdb
c:\users\user\documents\github\busangameacademy\20.03.23\shooting\x64\debug\vc142.idb
c:\users\user\documents\github\busangameacademy\20.03.23\shooting\x64\debug\istring.obj
c:\users\user\documents\github\busangameacademy\20.03.23\shooting\x64\debug\istd.obj
c:\users\user\documents\github\busangameacademy\20.03.23\shooting\x64\debug\isort.obj
c:\users\user\documents\github\busangameacademy\20.03.23\shooting\x64\debug\isize.obj
c:\users\user\documents\github\busangameacademy\20.03.23\shooting\x64\debug\irect.obj
c:\users\user\documents\github\busangameacademy\20.03.23\shooting\x64\debug\ipopup.obj
c:\users\user\documents\github\busangameacademy\20.03.23\shooting\x64\debug\ipoint.obj
c:\users\user\documents\github\busangameacademy\20.03.23\shooting\x64\debug\iimage.obj
c:\users\user\documents\github\busangameacademy\20.03.23\shooting\x64\debug\igraphics.obj
c:\users\user\documents\github\busangameacademy\20.03.23\shooting\x64\debug\ifps.obj
c:\users\user\documents\github\busangameacademy\20.03.23\shooting\x64\debug\iarray.obj
c:\users\user\documents\github\busangameacademy\20.03.23\shooting\x64\debug\procobject.obj
c:\users\user\documents\github\busangameacademy\20.03.23\shooting\x64\debug\proc.obj
c:\users\user\documents\github\busangameacademy\20.03.23\shooting\x64\debug\menu.obj
c:\users\user\documents\github\busangameacademy\20.03.23\shooting\x64\debug\loading.obj
c:\users\user\documents\github\busangameacademy\20.03.23\shooting\x64\debug\intro.obj
c:\users\user\documents\github\busangameacademy\20.03.23\shooting\x64\debug\game.obj
c:\users\user\documents\github\busangameacademy\20.03.23\shooting\x64\debug\app.obj
c:\users\user\documents\github\busangameacademy\20.03.23\shooting\x64\debug\itype.obj
c:\users\user\documents\github\shooting\shooting\x64\debug\vc142.pdb
c:\users\user\documents\github\shooting\shooting\x64\debug\vc142.idb
c:\users\user\documents\github\shooting\shooting\x64\debug\istring.obj
c:\users\user\documents\github\shooting\shooting\x64\debug\istd.obj
c:\users\user\documents\github\shooting\shooting\x64\debug\ipopup.obj
c:\users\user\documents\github\shooting\shooting\x64\debug\ipoint.obj
c:\users\user\documents\github\shooting\shooting\x64\debug\iimage.obj
c:\users\user\documents\github\shooting\shooting\x64\debug\igraphics.obj
c:\users\user\documents\github\shooting\shooting\x64\debug\intro.obj
c:\users\user\documents\github\shooting\shooting\x64\debug\game.obj
c:\users\user\documents\github\shooting\shooting\x64\debug\app.obj
c:\users\user\documents\github\shooting\shooting\x64\debug\itype.obj
c:\users\user\documents\github\shooting\shooting\x64\debug\isort.obj
c:\users\user\documents\github\shooting\shooting\x64\debug\isize.obj
c:\users\user\documents\github\shooting\shooting\x64\debug\irect.obj
c:\users\user\documents\github\shooting\shooting\x64\debug\ifps.obj
c:\users\user\documents\github\shooting\shooting\x64\debug\iarray.obj
c:\users\user\documents\github\shooting\shooting\x64\debug\procobject.obj
c:\users\user\documents\github\shooting\shooting\x64\debug\proc.obj
c:\users\user\documents\github\shooting\shooting\x64\debug\menu.obj
c:\users\user\documents\github\shooting\shooting\x64\debug\loading.obj
c:\users\user\documents\github\shooting\shooting\x64\debug\iopengl.obj
c:\users\user\documents\github\shooting\shooting\x64\debug\visualinfo.obj
c:\users\user\documents\github\shooting\shooting\x64\debug\glewinfo.obj
c:\users\user\documents\github\shooting\shooting\x64\debug\glew.obj
c:\users\user\documents\github\busangameacademy\20.03.16-2\x64\debug\shooting.ilk
c:\users\user\documents\github\busangameacademy\20.03.16-2\x64\debug\shooting.exe
c:\users\user\documents\github\busangameacademy\20.03.16-2\x64\debug\shooting.pdb
c:\users\user\documents\github\busangameacademy\20.03.17\x64\debug\shooting.exe
c:\users\user\documents\github\busangameacademy\20.03.17\x64\debug\shooting.ilk
c:\users\user\documents\github\busangameacademy\20.03.17\x64\debug\shooting.pdb
c:\users\user\documents\github\busangameacademy\20.03.18\x64\debug\shooting.exe
c:\users\user\documents\github\busangameacademy\20.03.18\x64\debug\shooting.ilk
c:\users\user\documents\github\busangameacademy\20.03.18\x64\debug\shooting.pdb
c:\users\user\documents\github\busangameacademy\20.03.19\x64\debug\shooting.exe
c:\users\user\documents\github\busangameacademy\20.03.19\x64\debug\shooting.ilk
c:\users\user\documents\github\busangameacademy\20.03.19\x64\debug\shooting.pdb
c:\users\user\documents\github\busangameacademy\20.03.20\x64\debug\shooting.exe
c:\users\user\documents\github\busangameacademy\20.03.20\x64\debug\shooting.ilk
c:\users\user\documents\github\busangameacademy\20.03.20\x64\debug\shooting.pdb
c:\users\user\documents\github\busangameacademy\20.03.23\x64\debug\shooting.exe
c:\users\user\documents\github\busangameacademy\20.03.23\x64\debug\shooting.ilk
c:\users\user\documents\github\busangameacademy\20.03.23\x64\debug\shooting.pdb
c:\users\user\documents\github\shooting\x64\debug\shooting.exe
c:\users\user\documents\github\shooting\x64\debug\shooting.ilk
c:\users\user\documents\github\shooting\x64\debug\shooting.pdb
c:\users\user\documents\github\busangameacademy\20.03.16-2\shooting\x64\debug\shooting.res
c:\users\user\documents\github\busangameacademy\20.03.17\shooting\x64\debug\shooting.res
c:\users\user\documents\github\busangameacademy\20.03.18\shooting\x64\debug\shooting.res
c:\users\user\documents\github\busangameacademy\20.03.19\shooting\x64\debug\shooting.res
c:\users\user\documents\github\busangameacademy\20.03.20\shooting\x64\debug\shooting.res
c:\users\user\documents\github\busangameacademy\20.03.23\shooting\x64\debug\shooting.res
c:\users\user\documents\github\shooting\shooting\x64\debug\shooting.res
c:\users\user\documents\github\shooting\shooting\x64\debug\menu.obj.enc
c:\users\user\documents\github\shooting\shooting\x64\debug\shooting.tlog\cl.command.1.tlog
c:\users\user\documents\github\shooting\shooting\x64\debug\shooting.tlog\cl.read.1.tlog
c:\users\user\documents\github\shooting\shooting\x64\debug\shooting.tlog\cl.write.1.tlog
c:\users\user\documents\github\shooting\shooting\x64\debug\shooting.tlog\link.command.1.tlog
c:\users\user\documents\github\shooting\shooting\x64\debug\shooting.tlog\link.read.1.tlog
c:\users\user\documents\github\shooting\shooting\x64\debug\shooting.tlog\link.write.1.tlog
c:\users\user\documents\github\shooting\shooting\x64\debug\shooting.tlog\rc.command.1.tlog
c:\users\user\documents\github\shooting\shooting\x64\debug\shooting.tlog\rc.read.1.tlog
c:\users\user\documents\github\shooting\shooting\x64\debug\shooting.tlog\rc.write.1.tlog
