c:\workspace\bga\towerdefense\debug\vc142.pdb
c:\workspace\bga\towerdefense\debug\vc142.idb
c:\workspace\bga\towerdefense\debug\istring.obj
c:\workspace\bga\towerdefense\debug\istd.obj
c:\workspace\bga\towerdefense\debug\isort.obj
c:\workspace\bga\towerdefense\debug\isize.obj
c:\workspace\bga\towerdefense\debug\irect.obj
c:\workspace\bga\towerdefense\debug\ipopup.obj
c:\workspace\bga\towerdefense\debug\ipoint.obj
c:\workspace\bga\towerdefense\debug\iopengl.obj
c:\workspace\bga\towerdefense\debug\iimage.obj
c:\workspace\bga\towerdefense\debug\igraphics.obj
c:\workspace\bga\towerdefense\debug\ifps.obj
c:\workspace\bga\towerdefense\debug\iarray.obj
c:\workspace\bga\towerdefense\debug\procobject.obj
c:\workspace\bga\towerdefense\debug\proc.obj
c:\workspace\bga\towerdefense\debug\menu.obj
c:\workspace\bga\towerdefense\debug\loading.obj
c:\workspace\bga\towerdefense\debug\intro.obj
c:\workspace\bga\towerdefense\debug\game.obj
c:\workspace\bga\towerdefense\debug\ending.obj
c:\workspace\bga\towerdefense\debug\app.obj
c:\workspace\bga\towerdefense\debug\istrtex.obj
c:\workspace\bga\towerdefense\debug\test.obj
c:\workspace\bga\towerdefense\debug\json.obj
c:\workspace\bga\towerdefense\debug\ikconstraintdata.obj
c:\workspace\bga\towerdefense\debug\ikconstraint.obj
c:\workspace\bga\towerdefense\debug\extension.obj
c:\workspace\bga\towerdefense\debug\eventdata.obj
c:\workspace\bga\towerdefense\debug\event.obj
c:\workspace\bga\towerdefense\debug\color.obj
c:\workspace\bga\towerdefense\debug\clippingattachment.obj
c:\workspace\bga\towerdefense\debug\boundingboxattachment.obj
c:\workspace\bga\towerdefense\debug\bonedata.obj
c:\workspace\bga\towerdefense\debug\bone.obj
c:\workspace\bga\towerdefense\debug\attachmentloader.obj
c:\workspace\bga\towerdefense\debug\attachment.obj
c:\workspace\bga\towerdefense\debug\atlasattachmentloader.obj
c:\workspace\bga\towerdefense\debug\atlas.obj
c:\workspace\bga\towerdefense\debug\array.obj
c:\workspace\bga\towerdefense\debug\animationstatedata.obj
c:\workspace\bga\towerdefense\debug\animation.obj
c:\workspace\bga\towerdefense\debug\glew.obj
c:\workspace\bga\towerdefense\debug\vertexeffect.obj
c:\workspace\bga\towerdefense\debug\vertexattachment.obj
c:\workspace\bga\towerdefense\debug\triangulator.obj
c:\workspace\bga\towerdefense\debug\transformconstraintdata.obj
c:\workspace\bga\towerdefense\debug\transformconstraint.obj
c:\workspace\bga\towerdefense\debug\slotdata.obj
c:\workspace\bga\towerdefense\debug\slot.obj
c:\workspace\bga\towerdefense\debug\skin.obj
c:\workspace\bga\towerdefense\debug\skeletonjson.obj
c:\workspace\bga\towerdefense\debug\skeletondata.obj
c:\workspace\bga\towerdefense\debug\skeletonclipping.obj
c:\workspace\bga\towerdefense\debug\skeletonbounds.obj
c:\workspace\bga\towerdefense\debug\skeletonbinary.obj
c:\workspace\bga\towerdefense\debug\skeleton.obj
c:\workspace\bga\towerdefense\debug\regionattachment.obj
c:\workspace\bga\towerdefense\debug\pointattachment.obj
c:\workspace\bga\towerdefense\debug\pathconstraintdata.obj
c:\workspace\bga\towerdefense\debug\pathconstraint.obj
c:\workspace\bga\towerdefense\debug\pathattachment.obj
c:\workspace\bga\towerdefense\debug\meshattachment.obj
c:\workspace\bga\towerdefense\debug\animationstate.obj
c:\workspace\bga\towerdefense\debug\ispine.obj
c:\workspace\bga\debug\towerdefense.exe
c:\workspace\bga\debug\towerdefense.ilk
c:\workspace\bga\debug\towerdefense.pdb
c:\workspace\bga\towerdefense\debug\towerdefense.res
c:\workspace\bga\towerdefense\debug\towerdefense.tlog\cl.command.1.tlog
c:\workspace\bga\towerdefense\debug\towerdefense.tlog\cl.read.1.tlog
c:\workspace\bga\towerdefense\debug\towerdefense.tlog\cl.write.1.tlog
c:\workspace\bga\towerdefense\debug\towerdefense.tlog\link.command.1.tlog
c:\workspace\bga\towerdefense\debug\towerdefense.tlog\link.read.1.tlog
c:\workspace\bga\towerdefense\debug\towerdefense.tlog\link.write.1.tlog
c:\workspace\bga\towerdefense\debug\towerdefense.tlog\rc.command.1.tlog
c:\workspace\bga\towerdefense\debug\towerdefense.tlog\rc.read.1.tlog
c:\workspace\bga\towerdefense\debug\towerdefense.tlog\rc.write.1.tlog
