  Menu.cpp
C:\workspace\BGA\TowerDefense\lib\iFPS.h(15,17): warning C4244: '=': 'float'에서 'int'(으)로 변환하면서 데이터가 손실될 수 있습니다.
C:\workspace\BGA\TowerDefense\lib\iFPS.h(17,25): warning C4244: '=': 'float'에서 'int'(으)로 변환하면서 데이터가 손실될 수 있습니다.
C:\workspace\BGA\TowerDefense\game\Menu.cpp(33,10): warning C4244: '초기화 중': 'float'에서 'int'(으)로 변환하면서 데이터가 손실될 수 있습니다.
C:\workspace\BGA\TowerDefense\game\Menu.cpp(34,10): warning C4244: '초기화 중': 'float'에서 'int'(으)로 변환하면서 데이터가 손실될 수 있습니다.
C:\workspace\BGA\TowerDefense\game\Menu.cpp(40,14): warning C4244: '인수': 'int'에서 'float'(으)로 변환하면서 데이터가 손실될 수 있습니다.
C:\workspace\BGA\TowerDefense\game\Menu.cpp(39,29): warning C4244: '인수': 'int'에서 'float'(으)로 변환하면서 데이터가 손실될 수 있습니다.
C:\workspace\BGA\TowerDefense\game\Menu.cpp(98,10): warning C4244: '초기화 중': 'float'에서 'int'(으)로 변환하면서 데이터가 손실될 수 있습니다.
C:\workspace\BGA\TowerDefense\game\Menu.cpp(99,10): warning C4244: '초기화 중': 'float'에서 'int'(으)로 변환하면서 데이터가 손실될 수 있습니다.
C:\workspace\BGA\TowerDefense\game\Menu.cpp(109,6): warning C4244: '인수': 'int'에서 'float'(으)로 변환하면서 데이터가 손실될 수 있습니다.
C:\workspace\BGA\TowerDefense\game\Menu.cpp(108,13): warning C4244: '인수': 'int'에서 'float'(으)로 변환하면서 데이터가 손실될 수 있습니다.
C:\workspace\BGA\TowerDefense\game\Menu.cpp(114,32): warning C4244: '인수': 'float'에서 'int'(으)로 변환하면서 데이터가 손실될 수 있습니다.
C:\workspace\BGA\TowerDefense\game\Menu.cpp(123,41): warning C4244: '인수': 'float'에서 'int'(으)로 변환하면서 데이터가 손실될 수 있습니다.
C:\workspace\BGA\TowerDefense\game\Menu.cpp(123,26): warning C4244: '인수': 'float'에서 'int'(으)로 변환하면서 데이터가 손실될 수 있습니다.
C:\workspace\BGA\TowerDefense\game\Menu.cpp(97,15): warning C4101: 'y' :참조되지 않은 지역 변수입니다.
C:\workspace\BGA\TowerDefense\game\Menu.cpp(544,32): warning C4244: '인수': 'int'에서 'float'(으)로 변환하면서 데이터가 손실될 수 있습니다.
C:\workspace\BGA\TowerDefense\game\Menu.cpp(615,4): warning C4390: ';': 제어된 빈 문이 있습니다. 이 문이 필요합니까?
C:\workspace\BGA\TowerDefense\game\Menu.cpp(703,33): warning C4244: '인수': 'int'에서 'float'(으)로 변환하면서 데이터가 손실될 수 있습니다.
C:\workspace\BGA\TowerDefense\game\Menu.cpp(771,4): warning C4390: ';': 제어된 빈 문이 있습니다. 이 문이 필요합니까?
  Test.cpp
C:\workspace\BGA\TowerDefense\lib\iFPS.h(15,17): warning C4244: '=': 'float'에서 'int'(으)로 변환하면서 데이터가 손실될 수 있습니다.
C:\workspace\BGA\TowerDefense\lib\iFPS.h(17,25): warning C4244: '=': 'float'에서 'int'(으)로 변환하면서 데이터가 손실될 수 있습니다.
C:\workspace\BGA\TowerDefense\game\Test.cpp(34,28): warning C4244: '인수': 'float'에서 'int'(으)로 변환하면서 데이터가 손실될 수 있습니다.
C:\workspace\BGA\TowerDefense\game\Test.cpp(34,14): warning C4244: '인수': 'float'에서 'int'(으)로 변환하면서 데이터가 손실될 수 있습니다.
C:\workspace\BGA\TowerDefense\game\Test.cpp(33,53): warning C4244: '인수': 'float'에서 'int'(으)로 변환하면서 데이터가 손실될 수 있습니다.
C:\workspace\BGA\TowerDefense\game\Test.cpp(33,33): warning C4244: '인수': 'float'에서 'int'(으)로 변환하면서 데이터가 손실될 수 있습니다.
C:\workspace\BGA\TowerDefense\game\Test.cpp(38,34): warning C4244: '인수': 'float'에서 'int'(으)로 변환하면서 데이터가 손실될 수 있습니다.
C:\workspace\BGA\TowerDefense\game\Test.cpp(38,17): warning C4244: '인수': 'float'에서 'int'(으)로 변환하면서 데이터가 손실될 수 있습니다.
C:\workspace\BGA\TowerDefense\game\Test.cpp(37,35): warning C4244: '인수': 'float'에서 'int'(으)로 변환하면서 데이터가 손실될 수 있습니다.
C:\workspace\BGA\TowerDefense\game\Test.cpp(144,37): warning C4244: '인수': 'int'에서 'float'(으)로 변환하면서 데이터가 손실될 수 있습니다.
  코드를 생성하고 있습니다...
  TowerDefense.vcxproj -> C:\workspace\BGA\Debug\TowerDefense.exe
